<?xml version="1.0" encoding="UTF-8"?>
<!-- Generated by org.testng.reporters.JUnitReportReporter -->
<testsuite skipped="0" hostname="ShashankSharma-PC" name="automationFramework.DataProviderWithExcel" tests="2" failures="0" timestamp="27 May 2018 18:25:04 GMT" time="24.682" errors="0">
  <testcase name="test" time="12.781" classname="automationFramework.DataProviderWithExcel"/>
  <testcase name="test" time="11.901" classname="automationFramework.DataProviderWithExcel"/>
</testsuite> <!-- automationFramework.DataProviderWithExcel -->
