<?xml version="1.0" encoding="UTF-8"?>
<!-- Generated by org.testng.reporters.JUnitReportReporter -->
<testsuite skipped="0" hostname="ShashankSharma-PC" name="automationFramework.DataProviderTest" tests="2" failures="0" timestamp="27 May 2018 17:52:09 GMT" time="11.573" errors="0">
  <testcase name="test" time="5.724" classname="automationFramework.DataProviderTest"/>
  <testcase name="test" time="5.849" classname="automationFramework.DataProviderTest"/>
</testsuite> <!-- automationFramework.DataProviderTest -->
